0 info it worked if it ends with ok
1 verbose cli [ 'node', '/usr/local/bin/npm', 'install', 'uglifyjs' ]
2 info using npm@1.1.65
3 info using node@v0.8.14
4 verbose read json /Users/roberttilton/Documents/Leap_SDK/leapjs/package.json
5 verbose from cache /Users/roberttilton/Documents/Leap_SDK/leapjs/package.json
6 verbose readDependencies using package.json deps
7 verbose cache add [ 'uglifyjs', null ]
8 silly cache add name=undefined spec="uglifyjs" args=["uglifyjs",null]
9 verbose parsed url { pathname: 'uglifyjs', path: 'uglifyjs', href: 'uglifyjs' }
10 silly lockFile d5e21dcb-uglifyjs uglifyjs
11 verbose lock uglifyjs /Users/roberttilton/.npm/d5e21dcb-uglifyjs.lock
12 silly lockFile d5e21dcb-uglifyjs uglifyjs
13 verbose addNamed [ 'uglifyjs', '' ]
14 verbose addNamed [ null, '' ]
15 silly lockFile 34c129b9-uglifyjs uglifyjs@
16 verbose lock uglifyjs@ /Users/roberttilton/.npm/34c129b9-uglifyjs.lock
17 silly addNameRange { name: 'uglifyjs', range: '', hasData: false }
18 verbose url raw uglifyjs
19 verbose url resolving [ 'https://registry.npmjs.org/', './uglifyjs' ]
20 verbose url resolved https://registry.npmjs.org/uglifyjs
21 info trying registry request attempt 1 at 15:00:49
22 http GET https://registry.npmjs.org/uglifyjs
23 http 404 https://registry.npmjs.org/uglifyjs
24 silly registry.get cb [ 404,
24 silly registry.get   { server: 'CouchDB/1.2.1 (Erlang OTP/R15B)',
24 silly registry.get     date: 'Mon, 28 Jan 2013 19:59:07 GMT',
24 silly registry.get     'content-type': 'application/json',
24 silly registry.get     'content-length': '52',
24 silly registry.get     'cache-control': 'must-revalidate' } ]
25 silly lockFile 34c129b9-uglifyjs uglifyjs@
26 error 404 'uglifyjs' is not in the npm registry.
26 error 404 You should bug the author to publish it
26 error 404
26 error 404 Note that you can also install from a
26 error 404 tarball, folder, or http url, or git url.
27 error System Darwin 11.4.0
28 error command "node" "/usr/local/bin/npm" "install" "uglifyjs"
29 error cwd /Users/roberttilton/Documents/Leap_SDK/leapjs
30 error node -v v0.8.14
31 error npm -v 1.1.65
32 error code E404
33 verbose exit [ 1, true ]
